<?xml version="1.0" encoding="UTF-8"?>
<testsuite name="selenium_java_gradle_allure.CoffeeTest" tests="3" skipped="0" failures="0" errors="0" timestamp="2024-09-12T12:33:29" hostname="PL-TQ-235" time="2.469">
  <properties/>
  <testcase name="AddOneToCartAndVerifyPrice" classname="selenium_java_gradle_allure.CoffeeTest" time="1.967"/>
  <testcase name="AddThreeToCartAndVerifyPrice" classname="selenium_java_gradle_allure.CoffeeTest" time="0.312"/>
  <testcase name="TestNavigateToSite" classname="selenium_java_gradle_allure.CoffeeTest" time="0.06"/>
  <system-out><![CDATA[]]></system-out>
  <system-err><![CDATA[]]></system-err>
</testsuite>
